<?xml version="1.0" encoding="UTF-8"?>
<!-- Generated by org.testng.reporters.JUnitReportReporter -->
<testsuite hostname="DESKTOP-UV8RDD7" failures="0" tests="2" name="runnerCucumber.runnerClass" time="146.663" errors="0" timestamp="26 May 2021 11:04:19 GMT">
  <testcase classname="runnerCucumber.runnerClass" name="feature" time="62.699"/>
  <testcase classname="runnerCucumber.runnerClass" name="feature" time="83.964"/>
</testsuite> <!-- runnerCucumber.runnerClass -->
