<?xml version="1.0" encoding="UTF-8"?>
<!-- Generated by org.testng.reporters.JUnitReportReporter -->
<testsuite hostname="DESKTOP-UV8RDD7" failures="0" tests="1" name="runnerCucumber.runnerClass" time="90.126" errors="0" timestamp="22 May 2021 15:49:49 GMT">
  <testcase classname="runnerCucumber.runnerClass" name="feature" time="90.126"/>
</testsuite> <!-- runnerCucumber.runnerClass -->
